Flow report for g07_lab1
Fri Sep 23 14:08:29 2016
Quartus II 64-Bit Version 13.0.1 Build 232 06/12/2013 Service Pack 1 SJ Full Version


---------------------
; Table of Contents ;
---------------------
  1. Legal Notice
  2. Flow Summary
  3. Flow Settings
  4. Flow Non-Default Global Settings
  5. Flow Elapsed Time
  6. Flow OS Summary
  7. Flow Log
  8. Flow Messages
  9. Flow Suppressed Messages



----------------
; Legal Notice ;
----------------
Copyright (C) 1991-2013 Altera Corporation
Your use of Altera Corporation's design tools, logic functions 
and other software and tools, and its AMPP partner logic 
functions, and any output files from any of the foregoing 
(including device programming or simulation files), and any 
associated documentation or information are expressly subject 
to the terms and conditions of the Altera Program License 
Subscription Agreement, Altera MegaCore Function License 
Agreement, or other applicable license agreement, including, 
without limitation, that your use is for the sole purpose of 
programming logic devices manufactured by Altera and sold by 
Altera or its authorized distributors.  Please refer to the 
applicable agreement for further details.



+------------------------------------------------------------------------------+
; Flow Summary                                                                 ;
+---------------------------+--------------------------------------------------+
; Flow Status               ; Successful - Fri Sep 23 14:08:29 2016            ;
; Quartus II 64-Bit Version ; 13.0.1 Build 232 06/12/2013 SP 1 SJ Full Version ;
; Revision Name             ; g07_lab1                                         ;
; Top-level Entity Name     ; g07_lab1                                         ;
; Family                    ; Cyclone II                                       ;
+---------------------------+--------------------------------------------------+


+-----------------------------------------+
; Flow Settings                           ;
+-------------------+---------------------+
; Option            ; Setting             ;
+-------------------+---------------------+
; Start date & time ; 09/19/2016 11:04:56 ;
; Main task         ; Compilation         ;
; Revision Name     ; g07_lab1            ;
+-------------------+---------------------+


+----------------------------------------------------------------------------------------------------------------------+
; Flow Non-Default Global Settings                                                                                     ;
+-------------------------------------+---------------------------------+---------------+-------------+----------------+
; Assignment Name                     ; Value                           ; Default Value ; Entity Name ; Section Id     ;
+-------------------------------------+---------------------------------+---------------+-------------+----------------+
; COMPILER_SIGNATURE_ID               ; 268891671945825.147429749612688 ; --            ; --          ; --             ;
; EDA_OUTPUT_DATA_FORMAT              ; Vhdl                            ; --            ; --          ; eda_simulation ;
; EDA_SIMULATION_TOOL                 ; ModelSim-Altera (VHDL)          ; <None>        ; --          ; --             ;
; MAX_CORE_JUNCTION_TEMP              ; 85                              ; --            ; --          ; --             ;
; MIN_CORE_JUNCTION_TEMP              ; 0                               ; --            ; --          ; --             ;
; PARTITION_COLOR                     ; 16764057                        ; --            ; --          ; Top            ;
; PARTITION_FITTER_PRESERVATION_LEVEL ; PLACEMENT_AND_ROUTING           ; --            ; --          ; Top            ;
; PARTITION_NETLIST_TYPE              ; SOURCE                          ; --            ; --          ; Top            ;
; PROJECT_OUTPUT_DIRECTORY            ; output_files                    ; --            ; --          ; --             ;
+-------------------------------------+---------------------------------+---------------+-------------+----------------+


+------------------------------------------------------------------------------------------------------------------------+
; Flow Elapsed Time                                                                                                      ;
+--------------------+--------------+-------------------------+---------------------+------------------------------------+
; Module Name        ; Elapsed Time ; Average Processors Used ; Peak Virtual Memory ; Total CPU Time (on all processors) ;
+--------------------+--------------+-------------------------+---------------------+------------------------------------+
; EDA Netlist Writer ; 00:00:12     ; 1.0                     ; 432 MB              ; 00:00:00                           ;
; EDA Netlist Writer ; 00:00:03     ; 1.0                     ; 432 MB              ; 00:00:01                           ;
; Total              ; 00:00:15     ; --                      ; --                  ; 00:00:01                           ;
+--------------------+--------------+-------------------------+---------------------+------------------------------------+


+---------------------------------------------------------------------------------+
; Flow OS Summary                                                                 ;
+--------------------+------------------+-----------+------------+----------------+
; Module Name        ; Machine Hostname ; OS Name   ; OS Version ; Processor type ;
+--------------------+------------------+-----------+------------+----------------+
; EDA Netlist Writer ; TR4060DS-08      ; Windows 7 ; 6.2        ; x86_64         ;
; EDA Netlist Writer ; TR4060DS-08      ; Windows 7 ; 6.2        ; x86_64         ;
+--------------------+------------------+-----------+------------+----------------+


------------
; Flow Log ;
------------
quartus_eda --read_settings_files=on --write_settings_files=off g07_lab1 -c g07_lab1 --gen_testbench
quartus_eda --read_settings_files=on --write_settings_files=off g07_lab1 -c g07_lab1 --gen_testbench



