Analysis & Synthesis report for g07_BlockerGame
Mon Oct 17 12:51:46 2016
Quartus II 64-Bit Version 15.0.0 Build 145 04/22/2015 SJ Full Version


---------------------
; Table of Contents ;
---------------------
  1. Legal Notice
  2. Analysis & Synthesis Summary
  3. Analysis & Synthesis Settings
  4. Parallel Compilation
  5. Analysis & Synthesis Source Files Read
  6. Analysis & Synthesis Resource Usage Summary
  7. Analysis & Synthesis Resource Utilization by Entity
  8. General Register Statistics
  9. Multiplexer Restructuring Statistics (Restructuring Performed)
 10. Port Connectivity Checks: "g07_keyboard_encoder:encoder|g07_64_6_encoder:encoder64"
 11. Port Connectivity Checks: "g07_keyboard_encoder:encoder"
 12. Post-Synthesis Netlist Statistics for Top Partition
 13. Elapsed Time Per Partition
 14. Analysis & Synthesis Messages



----------------
; Legal Notice ;
----------------
Copyright (C) 1991-2015 Altera Corporation. All rights reserved.
Your use of Altera Corporation's design tools, logic functions 
and other software and tools, and its AMPP partner logic 
functions, and any output files from any of the foregoing 
(including device programming or simulation files), and any 
associated documentation or information are expressly subject 
to the terms and conditions of the Altera Program License 
Subscription Agreement, the Altera Quartus II License Agreement,
the Altera MegaCore Function License Agreement, or other 
applicable license agreement, including, without limitation, 
that your use is for the sole purpose of programming logic 
devices manufactured by Altera and sold by Altera or its 
authorized distributors.  Please refer to the applicable 
agreement for further details.



+-------------------------------------------------------------------------------+
; Analysis & Synthesis Summary                                                  ;
+---------------------------------+---------------------------------------------+
; Analysis & Synthesis Status     ; Successful - Mon Oct 17 12:51:45 2016       ;
; Quartus II 64-Bit Version       ; 15.0.0 Build 145 04/22/2015 SJ Full Version ;
; Revision Name                   ; g07_BlockerGame                             ;
; Top-level Entity Name           ; g07_keyboard_LED                            ;
; Family                          ; Cyclone V                                   ;
; Logic utilization (in ALMs)     ; N/A                                         ;
; Total registers                 ; 0                                           ;
; Total pins                      ; 71                                          ;
; Total virtual pins              ; 0                                           ;
; Total block memory bits         ; 0                                           ;
; Total DSP Blocks                ; 0                                           ;
; Total HSSI RX PCSs              ; 0                                           ;
; Total HSSI PMA RX Deserializers ; 0                                           ;
; Total HSSI TX PCSs              ; 0                                           ;
; Total HSSI PMA TX Serializers   ; 0                                           ;
; Total PLLs                      ; 0                                           ;
; Total DLLs                      ; 0                                           ;
+---------------------------------+---------------------------------------------+


+---------------------------------------------------------------------------------------------------------------------------+
; Analysis & Synthesis Settings                                                                                             ;
+---------------------------------------------------------------------------------+--------------------+--------------------+
; Option                                                                          ; Setting            ; Default Value      ;
+---------------------------------------------------------------------------------+--------------------+--------------------+
; Device                                                                          ; 5CSEMA5F31C6       ;                    ;
; Top-level entity name                                                           ; g07_keyboard_LED   ; g07_BlockerGame    ;
; Family name                                                                     ; Cyclone V          ; Cyclone V          ;
; Use smart compilation                                                           ; Off                ; Off                ;
; Enable parallel Assembler and TimeQuest Timing Analyzer during compilation      ; On                 ; On                 ;
; Enable compact report table                                                     ; Off                ; Off                ;
; Restructure Multiplexers                                                        ; Auto               ; Auto               ;
; MLAB Add Timing Constraints For Mixed-Port Feed-Through Mode Setting Don't Care ; Off                ; Off                ;
; Create Debugging Nodes for IP Cores                                             ; Off                ; Off                ;
; Preserve fewer node names                                                       ; On                 ; On                 ;
; Disable OpenCore Plus hardware evaluation                                       ; Off                ; Off                ;
; Verilog Version                                                                 ; Verilog_2001       ; Verilog_2001       ;
; VHDL Version                                                                    ; VHDL_1993          ; VHDL_1993          ;
; State Machine Processing                                                        ; Auto               ; Auto               ;
; Safe State Machine                                                              ; Off                ; Off                ;
; Extract Verilog State Machines                                                  ; On                 ; On                 ;
; Extract VHDL State Machines                                                     ; On                 ; On                 ;
; Ignore Verilog initial constructs                                               ; Off                ; Off                ;
; Iteration limit for constant Verilog loops                                      ; 5000               ; 5000               ;
; Iteration limit for non-constant Verilog loops                                  ; 250                ; 250                ;
; Add Pass-Through Logic to Inferred RAMs                                         ; On                 ; On                 ;
; Infer RAMs from Raw Logic                                                       ; On                 ; On                 ;
; Parallel Synthesis                                                              ; On                 ; On                 ;
; DSP Block Balancing                                                             ; Auto               ; Auto               ;
; NOT Gate Push-Back                                                              ; On                 ; On                 ;
; Power-Up Don't Care                                                             ; On                 ; On                 ;
; Remove Redundant Logic Cells                                                    ; Off                ; Off                ;
; Remove Duplicate Registers                                                      ; On                 ; On                 ;
; Ignore CARRY Buffers                                                            ; Off                ; Off                ;
; Ignore CASCADE Buffers                                                          ; Off                ; Off                ;
; Ignore GLOBAL Buffers                                                           ; Off                ; Off                ;
; Ignore ROW GLOBAL Buffers                                                       ; Off                ; Off                ;
; Ignore LCELL Buffers                                                            ; Off                ; Off                ;
; Ignore SOFT Buffers                                                             ; On                 ; On                 ;
; Limit AHDL Integers to 32 Bits                                                  ; Off                ; Off                ;
; Optimization Technique                                                          ; Balanced           ; Balanced           ;
; Carry Chain Length                                                              ; 70                 ; 70                 ;
; Auto Carry Chains                                                               ; On                 ; On                 ;
; Auto Open-Drain Pins                                                            ; On                 ; On                 ;
; Perform WYSIWYG Primitive Resynthesis                                           ; Off                ; Off                ;
; Auto ROM Replacement                                                            ; On                 ; On                 ;
; Auto RAM Replacement                                                            ; On                 ; On                 ;
; Auto DSP Block Replacement                                                      ; On                 ; On                 ;
; Auto Shift Register Replacement                                                 ; Auto               ; Auto               ;
; Allow Shift Register Merging across Hierarchies                                 ; Auto               ; Auto               ;
; Auto Clock Enable Replacement                                                   ; On                 ; On                 ;
; Strict RAM Replacement                                                          ; Off                ; Off                ;
; Allow Synchronous Control Signals                                               ; On                 ; On                 ;
; Force Use of Synchronous Clear Signals                                          ; Off                ; Off                ;
; Auto Resource Sharing                                                           ; Off                ; Off                ;
; Allow Any RAM Size For Recognition                                              ; Off                ; Off                ;
; Allow Any ROM Size For Recognition                                              ; Off                ; Off                ;
; Allow Any Shift Register Size For Recognition                                   ; Off                ; Off                ;
; Use LogicLock Constraints during Resource Balancing                             ; On                 ; On                 ;
; Ignore translate_off and synthesis_off directives                               ; Off                ; Off                ;
; Timing-Driven Synthesis                                                         ; On                 ; On                 ;
; Report Parameter Settings                                                       ; On                 ; On                 ;
; Report Source Assignments                                                       ; On                 ; On                 ;
; Report Connectivity Checks                                                      ; On                 ; On                 ;
; Ignore Maximum Fan-Out Assignments                                              ; Off                ; Off                ;
; Synchronization Register Chain Length                                           ; 3                  ; 3                  ;
; PowerPlay Power Optimization During Synthesis                                   ; Normal compilation ; Normal compilation ;
; HDL message level                                                               ; Level2             ; Level2             ;
; Suppress Register Optimization Related Messages                                 ; Off                ; Off                ;
; Number of Removed Registers Reported in Synthesis Report                        ; 5000               ; 5000               ;
; Number of Swept Nodes Reported in Synthesis Report                              ; 5000               ; 5000               ;
; Number of Inverted Registers Reported in Synthesis Report                       ; 100                ; 100                ;
; Clock MUX Protection                                                            ; On                 ; On                 ;
; Auto Gated Clock Conversion                                                     ; Off                ; Off                ;
; Block Design Naming                                                             ; Auto               ; Auto               ;
; SDC constraint protection                                                       ; Off                ; Off                ;
; Synthesis Effort                                                                ; Auto               ; Auto               ;
; Shift Register Replacement - Allow Asynchronous Clear Signal                    ; On                 ; On                 ;
; Pre-Mapping Resynthesis Optimization                                            ; Off                ; Off                ;
; Analysis & Synthesis Message Level                                              ; Medium             ; Medium             ;
; Disable Register Merging Across Hierarchies                                     ; Auto               ; Auto               ;
; Resource Aware Inference For Block RAM                                          ; On                 ; On                 ;
; Synthesis Seed                                                                  ; 1                  ; 1                  ;
; Automatic Parallel Synthesis                                                    ; On                 ; On                 ;
; Partial Reconfiguration Bitstream ID                                            ; Off                ; Off                ;
+---------------------------------------------------------------------------------+--------------------+--------------------+


+------------------------------------------+
; Parallel Compilation                     ;
+----------------------------+-------------+
; Processors                 ; Number      ;
+----------------------------+-------------+
; Number detected on machine ; 8           ;
; Maximum allowed            ; 4           ;
;                            ;             ;
; Average used               ; 1.00        ;
; Maximum used               ; 1           ;
;                            ;             ;
; Usage by Processor         ; % Time Used ;
;     Processor 1            ; 100.0%      ;
;     Processors 2-8         ;   0.0%      ;
+----------------------------+-------------+


+-----------------------------------------------------------------------------------------------------------------------------+
; Analysis & Synthesis Source Files Read                                                                                      ;
+----------------------------------+-----------------+-----------------+--------------------------------------------+---------+
; File Name with User-Entered Path ; Used in Netlist ; File Type       ; File Name with Absolute Path               ; Library ;
+----------------------------------+-----------------+-----------------+--------------------------------------------+---------+
; g07_keyboard_LED.vhd             ; yes             ; User VHDL File  ; P:/DSD/lab_2_v15/g07_keyboard_LED.vhd      ;         ;
; g07_keyboard_encoder.vhd         ; yes             ; User VHDL File  ; P:/DSD/lab_2_v15/g07_keyboard_encoder.vhd  ;         ;
; g07_64_6_encoder.vhd             ; yes             ; User VHDL File  ; P:/DSD/lab_2_v15/g07_64_6_encoder.vhd      ;         ;
; g07_16_4_Encoder.vhd             ; yes             ; User VHDL File  ; P:/DSD/lab_2_v15/g07_16_4_Encoder.vhd      ;         ;
; g07_7_segment_decoder.vhd        ; yes             ; User VHDL File  ; P:/DSD/lab_2_v15/g07_7_segment_decoder.vhd ;         ;
+----------------------------------+-----------------+-----------------+--------------------------------------------+---------+


+-----------------------------------------------------------------------------------------------------------------+
; Analysis & Synthesis Resource Usage Summary                                                                     ;
+---------------------------------------------+-------------------------------------------------------------------+
; Resource                                    ; Usage                                                             ;
+---------------------------------------------+-------------------------------------------------------------------+
; Estimate of Logic utilization (ALMs needed) ; 13                                                                ;
;                                             ;                                                                   ;
; Combinational ALUT usage for logic          ; 17                                                                ;
;     -- 7 input functions                    ; 0                                                                 ;
;     -- 6 input functions                    ; 8                                                                 ;
;     -- 5 input functions                    ; 2                                                                 ;
;     -- 4 input functions                    ; 4                                                                 ;
;     -- <=3 input functions                  ; 3                                                                 ;
;                                             ;                                                                   ;
; Dedicated logic registers                   ; 0                                                                 ;
;                                             ;                                                                   ;
; I/O pins                                    ; 71                                                                ;
;                                             ;                                                                   ;
; Total DSP Blocks                            ; 0                                                                 ;
;                                             ;                                                                   ;
; Maximum fan-out node                        ; g07_keyboard_encoder:encoder|g07_64_6_encoder:encoder64|CODE[2]~0 ;
; Maximum fan-out                             ; 9                                                                 ;
; Total fan-out                               ; 159                                                               ;
; Average fan-out                             ; 1.00                                                              ;
+---------------------------------------------+-------------------------------------------------------------------+


+-----------------------------------------------------------------------------------------------------------------------------------------------------------------------------------------------------------------------------------------------------+
; Analysis & Synthesis Resource Utilization by Entity                                                                                                                                                                                                 ;
+--------------------------------------+-------------------+--------------+-------------------+------------+------+--------------+-----------------------------------------------------------------------------------------------------+--------------+
; Compilation Hierarchy Node           ; LC Combinationals ; LC Registers ; Block Memory Bits ; DSP Blocks ; Pins ; Virtual Pins ; Full Hierarchy Name                                                                                 ; Library Name ;
+--------------------------------------+-------------------+--------------+-------------------+------------+------+--------------+-----------------------------------------------------------------------------------------------------+--------------+
; |g07_keyboard_LED                    ; 17 (0)            ; 0 (0)        ; 0                 ; 0          ; 71   ; 0            ; |g07_keyboard_LED                                                                                   ; work         ;
;    |g07_7_segment_decoder:decoder|   ; 7 (7)             ; 0 (0)        ; 0                 ; 0          ; 0    ; 0            ; |g07_keyboard_LED|g07_7_segment_decoder:decoder                                                     ; work         ;
;    |g07_keyboard_encoder:encoder|    ; 10 (0)            ; 0 (0)        ; 0                 ; 0          ; 0    ; 0            ; |g07_keyboard_LED|g07_keyboard_encoder:encoder                                                      ; work         ;
;       |g07_64_6_encoder:encoder64|   ; 10 (9)            ; 0 (0)        ; 0                 ; 0          ; 0    ; 0            ; |g07_keyboard_LED|g07_keyboard_encoder:encoder|g07_64_6_encoder:encoder64                           ; work         ;
;          |g07_16_4_Encoder:encoder2| ; 1 (1)             ; 0 (0)        ; 0                 ; 0          ; 0    ; 0            ; |g07_keyboard_LED|g07_keyboard_encoder:encoder|g07_64_6_encoder:encoder64|g07_16_4_Encoder:encoder2 ; work         ;
+--------------------------------------+-------------------+--------------+-------------------+------------+------+--------------+-----------------------------------------------------------------------------------------------------+--------------+
Note: For table entries with two numbers listed, the numbers in parentheses indicate the number of resources of the given type used by the specific entity alone. The numbers listed outside of parentheses indicate the total resources of the given type used by the specific entity and all of its sub-entities in the hierarchy.


+------------------------------------------------------+
; General Register Statistics                          ;
+----------------------------------------------+-------+
; Statistic                                    ; Value ;
+----------------------------------------------+-------+
; Total registers                              ; 0     ;
; Number of registers using Synchronous Clear  ; 0     ;
; Number of registers using Synchronous Load   ; 0     ;
; Number of registers using Asynchronous Clear ; 0     ;
; Number of registers using Asynchronous Load  ; 0     ;
; Number of registers using Clock Enable       ; 0     ;
; Number of registers using Preset             ; 0     ;
+----------------------------------------------+-------+


+-------------------------------------------------------------------------------------------------------------------------------------------------------------------------------------------------+
; Multiplexer Restructuring Statistics (Restructuring Performed)                                                                                                                                  ;
+--------------------+-----------+---------------+----------------------+------------------------+------------+-----------------------------------------------------------------------------------+
; Multiplexer Inputs ; Bus Width ; Baseline Area ; Area if Restructured ; Saving if Restructured ; Registered ; Example Multiplexer Output                                                        ;
+--------------------+-----------+---------------+----------------------+------------------------+------------+-----------------------------------------------------------------------------------+
; 8:1                ; 2 bits    ; 10 LEs        ; 10 LEs               ; 0 LEs                  ; No         ; |g07_keyboard_LED|g07_keyboard_encoder:encoder|g07_64_6_encoder:encoder64|CODE[1] ;
; 11:1               ; 2 bits    ; 14 LEs        ; 14 LEs               ; 0 LEs                  ; No         ; |g07_keyboard_LED|g07_keyboard_encoder:encoder|g07_64_6_encoder:encoder64|CODE[0] ;
+--------------------+-----------+---------------+----------------------+------------------------+------------+-----------------------------------------------------------------------------------+


+-----------------------------------------------------------------------------------------------------------------+
; Port Connectivity Checks: "g07_keyboard_encoder:encoder|g07_64_6_encoder:encoder64"                             ;
+-------+--------+----------+-------------------------------------------------------------------------------------+
; Port  ; Type   ; Severity ; Details                                                                             ;
+-------+--------+----------+-------------------------------------------------------------------------------------+
; error ; Output ; Info     ; Connected to dangling logic. Logic that only feeds a dangling port will be removed. ;
+-------+--------+----------+-------------------------------------------------------------------------------------+


+----------------------------------------------------------+
; Port Connectivity Checks: "g07_keyboard_encoder:encoder" ;
+--------------+-------+----------+------------------------+
; Port         ; Type  ; Severity ; Details                ;
+--------------+-------+----------+------------------------+
; keys[63..26] ; Input ; Info     ; Stuck at GND           ;
; keys[15..0]  ; Input ; Info     ; Stuck at GND           ;
+--------------+-------+----------+------------------------+


+-----------------------------------------------------+
; Post-Synthesis Netlist Statistics for Top Partition ;
+-----------------------+-----------------------------+
; Type                  ; Count                       ;
+-----------------------+-----------------------------+
; arriav_lcell_comb     ; 18                          ;
;     normal            ; 18                          ;
;         1 data inputs ; 1                           ;
;         2 data inputs ; 2                           ;
;         3 data inputs ; 1                           ;
;         4 data inputs ; 4                           ;
;         5 data inputs ; 2                           ;
;         6 data inputs ; 8                           ;
; boundary_port         ; 71                          ;
;                       ;                             ;
; Max LUT depth         ; 4.00                        ;
; Average LUT depth     ; 3.79                        ;
+-----------------------+-----------------------------+


+-------------------------------+
; Elapsed Time Per Partition    ;
+----------------+--------------+
; Partition Name ; Elapsed Time ;
+----------------+--------------+
; Top            ; 00:00:01     ;
+----------------+--------------+


+-------------------------------+
; Analysis & Synthesis Messages ;
+-------------------------------+
Info: *******************************************************************
Info: Running Quartus II 64-Bit Analysis & Synthesis
    Info: Version 15.0.0 Build 145 04/22/2015 SJ Full Version
    Info: Processing started: Mon Oct 17 12:51:30 2016
Info: Command: quartus_map --read_settings_files=on --write_settings_files=off g07_BlockerGame -c g07_BlockerGame
Info (11104): Parallel Compilation has detected 8 hyper-threaded processors. However, the extra hyper-threaded processors will not be used by default. Parallel Compilation will use 4 of the 4 physical processors detected instead.
Info (12021): Found 2 design units, including 1 entities, in source file g07_keyboard_led.vhd
    Info (12022): Found design unit 1: g07_keyboard_LED-key_display
    Info (12023): Found entity 1: g07_keyboard_LED
Info (12021): Found 2 design units, including 1 entities, in source file simulation/modelsim/g07_keyboard_encoder_spec_tst.vhd
    Info (12022): Found design unit 1: g07_keyboard_encoder_vhd_spec_tst-g07_keyboard_encoder_arch
    Info (12023): Found entity 1: g07_keyboard_encoder_vhd_spec_tst
Info (12021): Found 2 design units, including 1 entities, in source file simulation/modelsim/g07_64_6_encoder_spec_tst.vhd
    Info (12022): Found design unit 1: g07_64_6_encoder_vhd_spec_tst-g07_64_6_encoder_arch
    Info (12023): Found entity 1: g07_64_6_encoder_vhd_spec_tst
Info (12021): Found 2 design units, including 1 entities, in source file simulation/modelsim/g07_16_4_encoder_tst.vhd
    Info (12022): Found design unit 1: g07_16_4_Encoder_vhd_tst-g07_16_4_Encoder_arch
    Info (12023): Found entity 1: g07_16_4_Encoder_vhd_tst
Info (12021): Found 2 design units, including 1 entities, in source file simulation/modelsim/g07_16_4_encoder_spec_tst.vhd
    Info (12022): Found design unit 1: g07_16_4_Encoder_vhd_spec_tst-g07_16_4_Encoder_arch
    Info (12023): Found entity 1: g07_16_4_Encoder_vhd_spec_tst
Info (12021): Found 2 design units, including 1 entities, in source file simulation/modelsim/g07_7_segment_decoder_tst.vhd
    Info (12022): Found design unit 1: g07_7_segment_decoder_tst-g07_display_decoder_arch
    Info (12023): Found entity 1: g07_7_segment_decoder_tst
Info (12021): Found 2 design units, including 1 entities, in source file g07_keyboard_encoder.vhd
    Info (12022): Found design unit 1: g07_keyboard_encoder-encoder_keyboard
    Info (12023): Found entity 1: g07_keyboard_encoder
Info (12021): Found 2 design units, including 1 entities, in source file g07_64_6_encoder.vhd
    Info (12022): Found design unit 1: g07_64_6_encoder-encoder_64_6
    Info (12023): Found entity 1: g07_64_6_encoder
Info (12021): Found 2 design units, including 1 entities, in source file g07_16_4_encoder.vhd
    Info (12022): Found design unit 1: g07_16_4_Encoder-Encoder_16_4
    Info (12023): Found entity 1: g07_16_4_Encoder
Info (12021): Found 2 design units, including 1 entities, in source file g07_7_segment_decoder.vhd
    Info (12022): Found design unit 1: g07_7_segment_decoder-decoder_7_segment_arch
    Info (12023): Found entity 1: g07_7_segment_decoder
Info (12127): Elaborating entity "g07_keyboard_LED" for the top level hierarchy
Info (12128): Elaborating entity "g07_keyboard_encoder" for hierarchy "g07_keyboard_encoder:encoder"
Warning (10036): Verilog HDL or VHDL warning at g07_keyboard_encoder.vhd(18): object "er" assigned a value but never read
Info (12128): Elaborating entity "g07_64_6_encoder" for hierarchy "g07_keyboard_encoder:encoder|g07_64_6_encoder:encoder64"
Info (12128): Elaborating entity "g07_16_4_Encoder" for hierarchy "g07_keyboard_encoder:encoder|g07_64_6_encoder:encoder64|g07_16_4_Encoder:encoder1"
Info (12128): Elaborating entity "g07_7_segment_decoder" for hierarchy "g07_7_segment_decoder:decoder"
Info (286030): Timing-Driven Synthesis is running
Info (16010): Generating hard_block partition "hard_block:auto_generated_inst"
    Info (16011): Adding 0 node(s), including 0 DDIO, 0 PLL, 0 transceiver and 0 LCELL
Warning (21074): Design contains 54 input pin(s) that do not drive logic
    Warning (15610): No output dependent on input pin "inputs[0]"
    Warning (15610): No output dependent on input pin "inputs[1]"
    Warning (15610): No output dependent on input pin "inputs[2]"
    Warning (15610): No output dependent on input pin "inputs[3]"
    Warning (15610): No output dependent on input pin "inputs[4]"
    Warning (15610): No output dependent on input pin "inputs[5]"
    Warning (15610): No output dependent on input pin "inputs[6]"
    Warning (15610): No output dependent on input pin "inputs[7]"
    Warning (15610): No output dependent on input pin "inputs[8]"
    Warning (15610): No output dependent on input pin "inputs[9]"
    Warning (15610): No output dependent on input pin "inputs[10]"
    Warning (15610): No output dependent on input pin "inputs[11]"
    Warning (15610): No output dependent on input pin "inputs[12]"
    Warning (15610): No output dependent on input pin "inputs[13]"
    Warning (15610): No output dependent on input pin "inputs[14]"
    Warning (15610): No output dependent on input pin "inputs[15]"
    Warning (15610): No output dependent on input pin "inputs[26]"
    Warning (15610): No output dependent on input pin "inputs[27]"
    Warning (15610): No output dependent on input pin "inputs[28]"
    Warning (15610): No output dependent on input pin "inputs[29]"
    Warning (15610): No output dependent on input pin "inputs[30]"
    Warning (15610): No output dependent on input pin "inputs[31]"
    Warning (15610): No output dependent on input pin "inputs[32]"
    Warning (15610): No output dependent on input pin "inputs[33]"
    Warning (15610): No output dependent on input pin "inputs[34]"
    Warning (15610): No output dependent on input pin "inputs[35]"
    Warning (15610): No output dependent on input pin "inputs[36]"
    Warning (15610): No output dependent on input pin "inputs[37]"
    Warning (15610): No output dependent on input pin "inputs[38]"
    Warning (15610): No output dependent on input pin "inputs[39]"
    Warning (15610): No output dependent on input pin "inputs[40]"
    Warning (15610): No output dependent on input pin "inputs[41]"
    Warning (15610): No output dependent on input pin "inputs[42]"
    Warning (15610): No output dependent on input pin "inputs[43]"
    Warning (15610): No output dependent on input pin "inputs[44]"
    Warning (15610): No output dependent on input pin "inputs[45]"
    Warning (15610): No output dependent on input pin "inputs[46]"
    Warning (15610): No output dependent on input pin "inputs[47]"
    Warning (15610): No output dependent on input pin "inputs[48]"
    Warning (15610): No output dependent on input pin "inputs[49]"
    Warning (15610): No output dependent on input pin "inputs[50]"
    Warning (15610): No output dependent on input pin "inputs[51]"
    Warning (15610): No output dependent on input pin "inputs[52]"
    Warning (15610): No output dependent on input pin "inputs[53]"
    Warning (15610): No output dependent on input pin "inputs[54]"
    Warning (15610): No output dependent on input pin "inputs[55]"
    Warning (15610): No output dependent on input pin "inputs[56]"
    Warning (15610): No output dependent on input pin "inputs[57]"
    Warning (15610): No output dependent on input pin "inputs[58]"
    Warning (15610): No output dependent on input pin "inputs[59]"
    Warning (15610): No output dependent on input pin "inputs[60]"
    Warning (15610): No output dependent on input pin "inputs[61]"
    Warning (15610): No output dependent on input pin "inputs[62]"
    Warning (15610): No output dependent on input pin "inputs[63]"
Info (21057): Implemented 88 device resources after synthesis - the final resource count might be different
    Info (21058): Implemented 64 input pins
    Info (21059): Implemented 7 output pins
    Info (21061): Implemented 17 logic cells
Info: Quartus II 64-Bit Analysis & Synthesis was successful. 0 errors, 56 warnings
    Info: Peak virtual memory: 793 megabytes
    Info: Processing ended: Mon Oct 17 12:51:46 2016
    Info: Elapsed time: 00:00:16
    Info: Total CPU time (on all processors): 00:00:21


